 SNBUFR    BUFR model sounding file           
 SNOUTF    Output sounding file               
 SFOUTF    Output surface file                
 SNPRMF    Sounding parameter packing file   SNMERG.PACK
 SFPRMF    Surface parameter packing file    METAR.PACK
 TIMSTN    Times/additional stations         1/0
 Parameters requested: SNBUFR,SNOUTF,SFOUTF,SNPRMF,SFPRMF,TIMSTN.
 GEMPAK-NAMSND> GEMPAK-NAMSND> GEMPAK-NAMSND> GEMPAK-NAMSND> GEMPAK-NAMSND> GEMPAK-NAMSND> GEMPAK-NAMSND> SNBUFR   = /local/ckarsten/bufkit/sref4/metdat/bufr/rsm_p2.000001.2012082109|aj=000001
 SNOUTF   = /local/ckarsten/bufkit/sref4/metdat/gempak/2012082109_rsm_p2_bufr.snd
 SFOUTF   = /local/ckarsten/bufkit/sref4/metdat/gempak/2012082109_rsm_p2_bufr.sfc+
 SNPRMF   = /local/ckarsten/bufkit/sref4/gempak/tables/pack/sn_rsm.prm
 SFPRMF   = /local/ckarsten/bufkit/sref4/gempak/tables/pack/sf_rsm.prm
 TIMSTN   = 85/201
 GEMPAK-NAMSND> [SN -8]
 [SF -7]
 [SF -7]
 [SN -8]
 [SF -7]
 [SF -7]
 [SN -8]
 [SF -7]
 [SF -7]
 [SN -8]
 [SF -7]
 [SF -7]
 [SN -8]
 [SF -7]
 [SF -7]
 [SN -8]
 [SF -7]
 [SF -7]
 [SN -8]
 [SF -7]
 [SF -7]
 [SN -8]
 [SF -7]
 [SF -7]
 [SN -8]
 [SF -7]
 [SF -7]
 [SN -8]
 [SF -7]
 [SF -7]
 [SN -8]
 [SF -7]
 [SF -7]
 [SN -8]
 [SF -7]
 [SF -7]
 [SN -8]
 [SF -7]
 [SF -7]
 [NAMSND 1]
 Parameters requested: SNBUFR,SNOUTF,SFOUTF,SNPRMF,SFPRMF,TIMSTN.
 GEMPAK-NAMSND> GEMPAK-NAMSND>